CRITICAL - 2024-11-18 07:13:06 --> ParseError: syntax error, unexpected variable "$compiledQuery", expecting "function" or "const"
[Method: GET, Route: admin/approve_reject_transactions]
in APPPATH\Models\TransactionModel.php on line 71.
 1 SYSTEMPATH\Autoloader\Autoloader.php(296): CodeIgniter\Autoloader\Autoloader->includeFile('C:\\laragon\\www\\library_system\\app\\Models\\TransactionModel.php')
 2 SYSTEMPATH\Autoloader\Autoloader.php(272): CodeIgniter\Autoloader\Autoloader->loadInNamespace('App\\Models\\TransactionModel')
 3 APPPATH\Controllers\AdminController.php(145): CodeIgniter\Autoloader\Autoloader->loadClass('App\\Models\\TransactionModel')
 4 SYSTEMPATH\CodeIgniter.php(933): App\Controllers\AdminController->approve_reject_transactions()
 5 SYSTEMPATH\CodeIgniter.php(509): CodeIgniter\CodeIgniter->runController(Object(App\Controllers\AdminController))
 6 SYSTEMPATH\CodeIgniter.php(355): CodeIgniter\CodeIgniter->handleRequest(null, Object(Config\Cache), false)
 7 SYSTEMPATH\Boot.php(325): CodeIgniter\CodeIgniter->run()
 8 SYSTEMPATH\Boot.php(67): CodeIgniter\Boot::runCodeIgniter(Object(CodeIgniter\CodeIgniter))
 9 FCPATH\index.php(57): CodeIgniter\Boot::bootWeb(Object(Config\Paths))
CRITICAL - 2024-11-18 07:30:38 --> ParseError: syntax error, unexpected token "public", expecting end of file
[Method: GET, Route: admin/approve_reject_transactions]
in APPPATH\Models\TransactionModel.php on line 99.
 1 SYSTEMPATH\Autoloader\Autoloader.php(296): CodeIgniter\Autoloader\Autoloader->includeFile('C:\\laragon\\www\\library_system\\app\\Models\\TransactionModel.php')
 2 SYSTEMPATH\Autoloader\Autoloader.php(272): CodeIgniter\Autoloader\Autoloader->loadInNamespace('App\\Models\\TransactionModel')
 3 APPPATH\Controllers\AdminController.php(145): CodeIgniter\Autoloader\Autoloader->loadClass('App\\Models\\TransactionModel')
 4 SYSTEMPATH\CodeIgniter.php(933): App\Controllers\AdminController->approve_reject_transactions()
 5 SYSTEMPATH\CodeIgniter.php(509): CodeIgniter\CodeIgniter->runController(Object(App\Controllers\AdminController))
 6 SYSTEMPATH\CodeIgniter.php(355): CodeIgniter\CodeIgniter->handleRequest(null, Object(Config\Cache), false)
 7 SYSTEMPATH\Boot.php(325): CodeIgniter\CodeIgniter->run()
 8 SYSTEMPATH\Boot.php(67): CodeIgniter\Boot::runCodeIgniter(Object(CodeIgniter\CodeIgniter))
 9 FCPATH\index.php(57): CodeIgniter\Boot::bootWeb(Object(Config\Paths))
CRITICAL - 2024-11-18 08:03:08 --> ErrorException: Undefined array key "firstname"
[Method: GET, Route: admin/approve_reject_transactions]
in APPPATH\Views\admin\approve_reject_transactions.php on line 144.
 1 APPPATH\Views\admin\approve_reject_transactions.php(144): CodeIgniter\Debug\Exceptions->errorHandler(2, 'Undefined array key "firstname"', 'C:\\laragon\\www\\library_system\\app\\Views\\admin\\approve_reject_transactions.php', 144)
 2 SYSTEMPATH\View\View.php(234): include('C:\\laragon\\www\\library_system\\app\\Views\\admin\\approve_reject_transactions.php')
 3 SYSTEMPATH\View\View.php(237): CodeIgniter\View\View->CodeIgniter\View\{closure}()
 4 SYSTEMPATH\Common.php(1171): CodeIgniter\View\View->render('admin/approve_reject_transactions', [], true)
 5 APPPATH\Controllers\AdminController.php(151): view('admin/approve_reject_transactions', [...])
 6 SYSTEMPATH\CodeIgniter.php(933): App\Controllers\AdminController->approve_reject_transactions()
 7 SYSTEMPATH\CodeIgniter.php(509): CodeIgniter\CodeIgniter->runController(Object(App\Controllers\AdminController))
 8 SYSTEMPATH\CodeIgniter.php(355): CodeIgniter\CodeIgniter->handleRequest(null, Object(Config\Cache), false)
 9 SYSTEMPATH\Boot.php(325): CodeIgniter\CodeIgniter->run()
10 SYSTEMPATH\Boot.php(67): CodeIgniter\Boot::runCodeIgniter(Object(CodeIgniter\CodeIgniter))
11 FCPATH\index.php(57): CodeIgniter\Boot::bootWeb(Object(Config\Paths))
CRITICAL - 2024-11-18 08:03:10 --> ErrorException: Undefined array key "firstname"
[Method: GET, Route: admin/approve_reject_transactions]
in APPPATH\Views\admin\approve_reject_transactions.php on line 144.
 1 APPPATH\Views\admin\approve_reject_transactions.php(144): CodeIgniter\Debug\Exceptions->errorHandler(2, 'Undefined array key "firstname"', 'C:\\laragon\\www\\library_system\\app\\Views\\admin\\approve_reject_transactions.php', 144)
 2 SYSTEMPATH\View\View.php(234): include('C:\\laragon\\www\\library_system\\app\\Views\\admin\\approve_reject_transactions.php')
 3 SYSTEMPATH\View\View.php(237): CodeIgniter\View\View->CodeIgniter\View\{closure}()
 4 SYSTEMPATH\Common.php(1171): CodeIgniter\View\View->render('admin/approve_reject_transactions', [], true)
 5 APPPATH\Controllers\AdminController.php(151): view('admin/approve_reject_transactions', [...])
 6 SYSTEMPATH\CodeIgniter.php(933): App\Controllers\AdminController->approve_reject_transactions()
 7 SYSTEMPATH\CodeIgniter.php(509): CodeIgniter\CodeIgniter->runController(Object(App\Controllers\AdminController))
 8 SYSTEMPATH\CodeIgniter.php(355): CodeIgniter\CodeIgniter->handleRequest(null, Object(Config\Cache), false)
 9 SYSTEMPATH\Boot.php(325): CodeIgniter\CodeIgniter->run()
10 SYSTEMPATH\Boot.php(67): CodeIgniter\Boot::runCodeIgniter(Object(CodeIgniter\CodeIgniter))
11 FCPATH\index.php(57): CodeIgniter\Boot::bootWeb(Object(Config\Paths))
CRITICAL - 2024-11-18 08:03:10 --> ErrorException: Undefined array key "firstname"
[Method: GET, Route: admin/approve_reject_transactions]
in APPPATH\Views\admin\approve_reject_transactions.php on line 144.
 1 APPPATH\Views\admin\approve_reject_transactions.php(144): CodeIgniter\Debug\Exceptions->errorHandler(2, 'Undefined array key "firstname"', 'C:\\laragon\\www\\library_system\\app\\Views\\admin\\approve_reject_transactions.php', 144)
 2 SYSTEMPATH\View\View.php(234): include('C:\\laragon\\www\\library_system\\app\\Views\\admin\\approve_reject_transactions.php')
 3 SYSTEMPATH\View\View.php(237): CodeIgniter\View\View->CodeIgniter\View\{closure}()
 4 SYSTEMPATH\Common.php(1171): CodeIgniter\View\View->render('admin/approve_reject_transactions', [], true)
 5 APPPATH\Controllers\AdminController.php(151): view('admin/approve_reject_transactions', [...])
 6 SYSTEMPATH\CodeIgniter.php(933): App\Controllers\AdminController->approve_reject_transactions()
 7 SYSTEMPATH\CodeIgniter.php(509): CodeIgniter\CodeIgniter->runController(Object(App\Controllers\AdminController))
 8 SYSTEMPATH\CodeIgniter.php(355): CodeIgniter\CodeIgniter->handleRequest(null, Object(Config\Cache), false)
 9 SYSTEMPATH\Boot.php(325): CodeIgniter\CodeIgniter->run()
10 SYSTEMPATH\Boot.php(67): CodeIgniter\Boot::runCodeIgniter(Object(CodeIgniter\CodeIgniter))
11 FCPATH\index.php(57): CodeIgniter\Boot::bootWeb(Object(Config\Paths))
CRITICAL - 2024-11-18 08:12:51 --> ErrorException: Undefined array key "firstname"
[Method: GET, Route: admin/approve_reject_transactions]
in APPPATH\Views\admin\approve_reject_transactions.php on line 143.
 1 APPPATH\Views\admin\approve_reject_transactions.php(143): CodeIgniter\Debug\Exceptions->errorHandler(2, 'Undefined array key "firstname"', 'C:\\laragon\\www\\library_system\\app\\Views\\admin\\approve_reject_transactions.php', 143)
 2 SYSTEMPATH\View\View.php(234): include('C:\\laragon\\www\\library_system\\app\\Views\\admin\\approve_reject_transactions.php')
 3 SYSTEMPATH\View\View.php(237): CodeIgniter\View\View->CodeIgniter\View\{closure}()
 4 SYSTEMPATH\Common.php(1171): CodeIgniter\View\View->render('admin/approve_reject_transactions', [], true)
 5 APPPATH\Controllers\AdminController.php(151): view('admin/approve_reject_transactions', [...])
 6 SYSTEMPATH\CodeIgniter.php(933): App\Controllers\AdminController->approve_reject_transactions()
 7 SYSTEMPATH\CodeIgniter.php(509): CodeIgniter\CodeIgniter->runController(Object(App\Controllers\AdminController))
 8 SYSTEMPATH\CodeIgniter.php(355): CodeIgniter\CodeIgniter->handleRequest(null, Object(Config\Cache), false)
 9 SYSTEMPATH\Boot.php(325): CodeIgniter\CodeIgniter->run()
10 SYSTEMPATH\Boot.php(67): CodeIgniter\Boot::runCodeIgniter(Object(CodeIgniter\CodeIgniter))
11 FCPATH\index.php(57): CodeIgniter\Boot::bootWeb(Object(Config\Paths))
CRITICAL - 2024-11-18 08:12:56 --> ErrorException: Undefined array key "firstname"
[Method: GET, Route: admin/approve_reject_transactions]
in APPPATH\Views\admin\approve_reject_transactions.php on line 143.
 1 APPPATH\Views\admin\approve_reject_transactions.php(143): CodeIgniter\Debug\Exceptions->errorHandler(2, 'Undefined array key "firstname"', 'C:\\laragon\\www\\library_system\\app\\Views\\admin\\approve_reject_transactions.php', 143)
 2 SYSTEMPATH\View\View.php(234): include('C:\\laragon\\www\\library_system\\app\\Views\\admin\\approve_reject_transactions.php')
 3 SYSTEMPATH\View\View.php(237): CodeIgniter\View\View->CodeIgniter\View\{closure}()
 4 SYSTEMPATH\Common.php(1171): CodeIgniter\View\View->render('admin/approve_reject_transactions', [], true)
 5 APPPATH\Controllers\AdminController.php(151): view('admin/approve_reject_transactions', [...])
 6 SYSTEMPATH\CodeIgniter.php(933): App\Controllers\AdminController->approve_reject_transactions()
 7 SYSTEMPATH\CodeIgniter.php(509): CodeIgniter\CodeIgniter->runController(Object(App\Controllers\AdminController))
 8 SYSTEMPATH\CodeIgniter.php(355): CodeIgniter\CodeIgniter->handleRequest(null, Object(Config\Cache), false)
 9 SYSTEMPATH\Boot.php(325): CodeIgniter\CodeIgniter->run()
10 SYSTEMPATH\Boot.php(67): CodeIgniter\Boot::runCodeIgniter(Object(CodeIgniter\CodeIgniter))
11 FCPATH\index.php(57): CodeIgniter\Boot::bootWeb(Object(Config\Paths))
CRITICAL - 2024-11-18 08:12:57 --> ErrorException: Undefined array key "firstname"
[Method: GET, Route: admin/approve_reject_transactions]
in APPPATH\Views\admin\approve_reject_transactions.php on line 143.
 1 APPPATH\Views\admin\approve_reject_transactions.php(143): CodeIgniter\Debug\Exceptions->errorHandler(2, 'Undefined array key "firstname"', 'C:\\laragon\\www\\library_system\\app\\Views\\admin\\approve_reject_transactions.php', 143)
 2 SYSTEMPATH\View\View.php(234): include('C:\\laragon\\www\\library_system\\app\\Views\\admin\\approve_reject_transactions.php')
 3 SYSTEMPATH\View\View.php(237): CodeIgniter\View\View->CodeIgniter\View\{closure}()
 4 SYSTEMPATH\Common.php(1171): CodeIgniter\View\View->render('admin/approve_reject_transactions', [], true)
 5 APPPATH\Controllers\AdminController.php(151): view('admin/approve_reject_transactions', [...])
 6 SYSTEMPATH\CodeIgniter.php(933): App\Controllers\AdminController->approve_reject_transactions()
 7 SYSTEMPATH\CodeIgniter.php(509): CodeIgniter\CodeIgniter->runController(Object(App\Controllers\AdminController))
 8 SYSTEMPATH\CodeIgniter.php(355): CodeIgniter\CodeIgniter->handleRequest(null, Object(Config\Cache), false)
 9 SYSTEMPATH\Boot.php(325): CodeIgniter\CodeIgniter->run()
10 SYSTEMPATH\Boot.php(67): CodeIgniter\Boot::runCodeIgniter(Object(CodeIgniter\CodeIgniter))
11 FCPATH\index.php(57): CodeIgniter\Boot::bootWeb(Object(Config\Paths))
CRITICAL - 2024-11-18 08:12:57 --> ErrorException: Undefined array key "firstname"
[Method: GET, Route: admin/approve_reject_transactions]
in APPPATH\Views\admin\approve_reject_transactions.php on line 143.
 1 APPPATH\Views\admin\approve_reject_transactions.php(143): CodeIgniter\Debug\Exceptions->errorHandler(2, 'Undefined array key "firstname"', 'C:\\laragon\\www\\library_system\\app\\Views\\admin\\approve_reject_transactions.php', 143)
 2 SYSTEMPATH\View\View.php(234): include('C:\\laragon\\www\\library_system\\app\\Views\\admin\\approve_reject_transactions.php')
 3 SYSTEMPATH\View\View.php(237): CodeIgniter\View\View->CodeIgniter\View\{closure}()
 4 SYSTEMPATH\Common.php(1171): CodeIgniter\View\View->render('admin/approve_reject_transactions', [], true)
 5 APPPATH\Controllers\AdminController.php(151): view('admin/approve_reject_transactions', [...])
 6 SYSTEMPATH\CodeIgniter.php(933): App\Controllers\AdminController->approve_reject_transactions()
 7 SYSTEMPATH\CodeIgniter.php(509): CodeIgniter\CodeIgniter->runController(Object(App\Controllers\AdminController))
 8 SYSTEMPATH\CodeIgniter.php(355): CodeIgniter\CodeIgniter->handleRequest(null, Object(Config\Cache), false)
 9 SYSTEMPATH\Boot.php(325): CodeIgniter\CodeIgniter->run()
10 SYSTEMPATH\Boot.php(67): CodeIgniter\Boot::runCodeIgniter(Object(CodeIgniter\CodeIgniter))
11 FCPATH\index.php(57): CodeIgniter\Boot::bootWeb(Object(Config\Paths))
CRITICAL - 2024-11-18 08:12:57 --> ErrorException: Undefined array key "firstname"
[Method: GET, Route: admin/approve_reject_transactions]
in APPPATH\Views\admin\approve_reject_transactions.php on line 143.
 1 APPPATH\Views\admin\approve_reject_transactions.php(143): CodeIgniter\Debug\Exceptions->errorHandler(2, 'Undefined array key "firstname"', 'C:\\laragon\\www\\library_system\\app\\Views\\admin\\approve_reject_transactions.php', 143)
 2 SYSTEMPATH\View\View.php(234): include('C:\\laragon\\www\\library_system\\app\\Views\\admin\\approve_reject_transactions.php')
 3 SYSTEMPATH\View\View.php(237): CodeIgniter\View\View->CodeIgniter\View\{closure}()
 4 SYSTEMPATH\Common.php(1171): CodeIgniter\View\View->render('admin/approve_reject_transactions', [], true)
 5 APPPATH\Controllers\AdminController.php(151): view('admin/approve_reject_transactions', [...])
 6 SYSTEMPATH\CodeIgniter.php(933): App\Controllers\AdminController->approve_reject_transactions()
 7 SYSTEMPATH\CodeIgniter.php(509): CodeIgniter\CodeIgniter->runController(Object(App\Controllers\AdminController))
 8 SYSTEMPATH\CodeIgniter.php(355): CodeIgniter\CodeIgniter->handleRequest(null, Object(Config\Cache), false)
 9 SYSTEMPATH\Boot.php(325): CodeIgniter\CodeIgniter->run()
10 SYSTEMPATH\Boot.php(67): CodeIgniter\Boot::runCodeIgniter(Object(CodeIgniter\CodeIgniter))
11 FCPATH\index.php(57): CodeIgniter\Boot::bootWeb(Object(Config\Paths))
CRITICAL - 2024-11-18 08:12:58 --> ErrorException: Undefined array key "firstname"
[Method: GET, Route: admin/approve_reject_transactions]
in APPPATH\Views\admin\approve_reject_transactions.php on line 143.
 1 APPPATH\Views\admin\approve_reject_transactions.php(143): CodeIgniter\Debug\Exceptions->errorHandler(2, 'Undefined array key "firstname"', 'C:\\laragon\\www\\library_system\\app\\Views\\admin\\approve_reject_transactions.php', 143)
 2 SYSTEMPATH\View\View.php(234): include('C:\\laragon\\www\\library_system\\app\\Views\\admin\\approve_reject_transactions.php')
 3 SYSTEMPATH\View\View.php(237): CodeIgniter\View\View->CodeIgniter\View\{closure}()
 4 SYSTEMPATH\Common.php(1171): CodeIgniter\View\View->render('admin/approve_reject_transactions', [], true)
 5 APPPATH\Controllers\AdminController.php(151): view('admin/approve_reject_transactions', [...])
 6 SYSTEMPATH\CodeIgniter.php(933): App\Controllers\AdminController->approve_reject_transactions()
 7 SYSTEMPATH\CodeIgniter.php(509): CodeIgniter\CodeIgniter->runController(Object(App\Controllers\AdminController))
 8 SYSTEMPATH\CodeIgniter.php(355): CodeIgniter\CodeIgniter->handleRequest(null, Object(Config\Cache), false)
 9 SYSTEMPATH\Boot.php(325): CodeIgniter\CodeIgniter->run()
10 SYSTEMPATH\Boot.php(67): CodeIgniter\Boot::runCodeIgniter(Object(CodeIgniter\CodeIgniter))
11 FCPATH\index.php(57): CodeIgniter\Boot::bootWeb(Object(Config\Paths))
CRITICAL - 2024-11-18 08:12:58 --> ErrorException: Undefined array key "firstname"
[Method: GET, Route: admin/approve_reject_transactions]
in APPPATH\Views\admin\approve_reject_transactions.php on line 143.
 1 APPPATH\Views\admin\approve_reject_transactions.php(143): CodeIgniter\Debug\Exceptions->errorHandler(2, 'Undefined array key "firstname"', 'C:\\laragon\\www\\library_system\\app\\Views\\admin\\approve_reject_transactions.php', 143)
 2 SYSTEMPATH\View\View.php(234): include('C:\\laragon\\www\\library_system\\app\\Views\\admin\\approve_reject_transactions.php')
 3 SYSTEMPATH\View\View.php(237): CodeIgniter\View\View->CodeIgniter\View\{closure}()
 4 SYSTEMPATH\Common.php(1171): CodeIgniter\View\View->render('admin/approve_reject_transactions', [], true)
 5 APPPATH\Controllers\AdminController.php(151): view('admin/approve_reject_transactions', [...])
 6 SYSTEMPATH\CodeIgniter.php(933): App\Controllers\AdminController->approve_reject_transactions()
 7 SYSTEMPATH\CodeIgniter.php(509): CodeIgniter\CodeIgniter->runController(Object(App\Controllers\AdminController))
 8 SYSTEMPATH\CodeIgniter.php(355): CodeIgniter\CodeIgniter->handleRequest(null, Object(Config\Cache), false)
 9 SYSTEMPATH\Boot.php(325): CodeIgniter\CodeIgniter->run()
10 SYSTEMPATH\Boot.php(67): CodeIgniter\Boot::runCodeIgniter(Object(CodeIgniter\CodeIgniter))
11 FCPATH\index.php(57): CodeIgniter\Boot::bootWeb(Object(Config\Paths))
CRITICAL - 2024-11-18 08:12:58 --> ErrorException: Undefined array key "firstname"
[Method: GET, Route: admin/approve_reject_transactions]
in APPPATH\Views\admin\approve_reject_transactions.php on line 143.
 1 APPPATH\Views\admin\approve_reject_transactions.php(143): CodeIgniter\Debug\Exceptions->errorHandler(2, 'Undefined array key "firstname"', 'C:\\laragon\\www\\library_system\\app\\Views\\admin\\approve_reject_transactions.php', 143)
 2 SYSTEMPATH\View\View.php(234): include('C:\\laragon\\www\\library_system\\app\\Views\\admin\\approve_reject_transactions.php')
 3 SYSTEMPATH\View\View.php(237): CodeIgniter\View\View->CodeIgniter\View\{closure}()
 4 SYSTEMPATH\Common.php(1171): CodeIgniter\View\View->render('admin/approve_reject_transactions', [], true)
 5 APPPATH\Controllers\AdminController.php(151): view('admin/approve_reject_transactions', [...])
 6 SYSTEMPATH\CodeIgniter.php(933): App\Controllers\AdminController->approve_reject_transactions()
 7 SYSTEMPATH\CodeIgniter.php(509): CodeIgniter\CodeIgniter->runController(Object(App\Controllers\AdminController))
 8 SYSTEMPATH\CodeIgniter.php(355): CodeIgniter\CodeIgniter->handleRequest(null, Object(Config\Cache), false)
 9 SYSTEMPATH\Boot.php(325): CodeIgniter\CodeIgniter->run()
10 SYSTEMPATH\Boot.php(67): CodeIgniter\Boot::runCodeIgniter(Object(CodeIgniter\CodeIgniter))
11 FCPATH\index.php(57): CodeIgniter\Boot::bootWeb(Object(Config\Paths))
CRITICAL - 2024-11-18 08:14:56 --> ErrorException: Undefined array key "firstname"
[Method: GET, Route: admin/approve_reject_transactions]
in APPPATH\Views\admin\approve_reject_transactions.php on line 143.
 1 APPPATH\Views\admin\approve_reject_transactions.php(143): CodeIgniter\Debug\Exceptions->errorHandler(2, 'Undefined array key "firstname"', 'C:\\laragon\\www\\library_system\\app\\Views\\admin\\approve_reject_transactions.php', 143)
 2 SYSTEMPATH\View\View.php(234): include('C:\\laragon\\www\\library_system\\app\\Views\\admin\\approve_reject_transactions.php')
 3 SYSTEMPATH\View\View.php(237): CodeIgniter\View\View->CodeIgniter\View\{closure}()
 4 SYSTEMPATH\Common.php(1171): CodeIgniter\View\View->render('admin/approve_reject_transactions', [], true)
 5 APPPATH\Controllers\AdminController.php(151): view('admin/approve_reject_transactions', [...])
 6 SYSTEMPATH\CodeIgniter.php(933): App\Controllers\AdminController->approve_reject_transactions()
 7 SYSTEMPATH\CodeIgniter.php(509): CodeIgniter\CodeIgniter->runController(Object(App\Controllers\AdminController))
 8 SYSTEMPATH\CodeIgniter.php(355): CodeIgniter\CodeIgniter->handleRequest(null, Object(Config\Cache), false)
 9 SYSTEMPATH\Boot.php(325): CodeIgniter\CodeIgniter->run()
10 SYSTEMPATH\Boot.php(67): CodeIgniter\Boot::runCodeIgniter(Object(CodeIgniter\CodeIgniter))
11 FCPATH\index.php(57): CodeIgniter\Boot::bootWeb(Object(Config\Paths))
CRITICAL - 2024-11-18 08:14:57 --> ErrorException: Undefined array key "firstname"
[Method: GET, Route: admin/approve_reject_transactions]
in APPPATH\Views\admin\approve_reject_transactions.php on line 143.
 1 APPPATH\Views\admin\approve_reject_transactions.php(143): CodeIgniter\Debug\Exceptions->errorHandler(2, 'Undefined array key "firstname"', 'C:\\laragon\\www\\library_system\\app\\Views\\admin\\approve_reject_transactions.php', 143)
 2 SYSTEMPATH\View\View.php(234): include('C:\\laragon\\www\\library_system\\app\\Views\\admin\\approve_reject_transactions.php')
 3 SYSTEMPATH\View\View.php(237): CodeIgniter\View\View->CodeIgniter\View\{closure}()
 4 SYSTEMPATH\Common.php(1171): CodeIgniter\View\View->render('admin/approve_reject_transactions', [], true)
 5 APPPATH\Controllers\AdminController.php(151): view('admin/approve_reject_transactions', [...])
 6 SYSTEMPATH\CodeIgniter.php(933): App\Controllers\AdminController->approve_reject_transactions()
 7 SYSTEMPATH\CodeIgniter.php(509): CodeIgniter\CodeIgniter->runController(Object(App\Controllers\AdminController))
 8 SYSTEMPATH\CodeIgniter.php(355): CodeIgniter\CodeIgniter->handleRequest(null, Object(Config\Cache), false)
 9 SYSTEMPATH\Boot.php(325): CodeIgniter\CodeIgniter->run()
10 SYSTEMPATH\Boot.php(67): CodeIgniter\Boot::runCodeIgniter(Object(CodeIgniter\CodeIgniter))
11 FCPATH\index.php(57): CodeIgniter\Boot::bootWeb(Object(Config\Paths))
CRITICAL - 2024-11-18 08:14:57 --> ErrorException: Undefined array key "firstname"
[Method: GET, Route: admin/approve_reject_transactions]
in APPPATH\Views\admin\approve_reject_transactions.php on line 143.
 1 APPPATH\Views\admin\approve_reject_transactions.php(143): CodeIgniter\Debug\Exceptions->errorHandler(2, 'Undefined array key "firstname"', 'C:\\laragon\\www\\library_system\\app\\Views\\admin\\approve_reject_transactions.php', 143)
 2 SYSTEMPATH\View\View.php(234): include('C:\\laragon\\www\\library_system\\app\\Views\\admin\\approve_reject_transactions.php')
 3 SYSTEMPATH\View\View.php(237): CodeIgniter\View\View->CodeIgniter\View\{closure}()
 4 SYSTEMPATH\Common.php(1171): CodeIgniter\View\View->render('admin/approve_reject_transactions', [], true)
 5 APPPATH\Controllers\AdminController.php(151): view('admin/approve_reject_transactions', [...])
 6 SYSTEMPATH\CodeIgniter.php(933): App\Controllers\AdminController->approve_reject_transactions()
 7 SYSTEMPATH\CodeIgniter.php(509): CodeIgniter\CodeIgniter->runController(Object(App\Controllers\AdminController))
 8 SYSTEMPATH\CodeIgniter.php(355): CodeIgniter\CodeIgniter->handleRequest(null, Object(Config\Cache), false)
 9 SYSTEMPATH\Boot.php(325): CodeIgniter\CodeIgniter->run()
10 SYSTEMPATH\Boot.php(67): CodeIgniter\Boot::runCodeIgniter(Object(CodeIgniter\CodeIgniter))
11 FCPATH\index.php(57): CodeIgniter\Boot::bootWeb(Object(Config\Paths))
CRITICAL - 2024-11-18 08:14:57 --> ErrorException: Undefined array key "firstname"
[Method: GET, Route: admin/approve_reject_transactions]
in APPPATH\Views\admin\approve_reject_transactions.php on line 143.
 1 APPPATH\Views\admin\approve_reject_transactions.php(143): CodeIgniter\Debug\Exceptions->errorHandler(2, 'Undefined array key "firstname"', 'C:\\laragon\\www\\library_system\\app\\Views\\admin\\approve_reject_transactions.php', 143)
 2 SYSTEMPATH\View\View.php(234): include('C:\\laragon\\www\\library_system\\app\\Views\\admin\\approve_reject_transactions.php')
 3 SYSTEMPATH\View\View.php(237): CodeIgniter\View\View->CodeIgniter\View\{closure}()
 4 SYSTEMPATH\Common.php(1171): CodeIgniter\View\View->render('admin/approve_reject_transactions', [], true)
 5 APPPATH\Controllers\AdminController.php(151): view('admin/approve_reject_transactions', [...])
 6 SYSTEMPATH\CodeIgniter.php(933): App\Controllers\AdminController->approve_reject_transactions()
 7 SYSTEMPATH\CodeIgniter.php(509): CodeIgniter\CodeIgniter->runController(Object(App\Controllers\AdminController))
 8 SYSTEMPATH\CodeIgniter.php(355): CodeIgniter\CodeIgniter->handleRequest(null, Object(Config\Cache), false)
 9 SYSTEMPATH\Boot.php(325): CodeIgniter\CodeIgniter->run()
10 SYSTEMPATH\Boot.php(67): CodeIgniter\Boot::runCodeIgniter(Object(CodeIgniter\CodeIgniter))
11 FCPATH\index.php(57): CodeIgniter\Boot::bootWeb(Object(Config\Paths))
CRITICAL - 2024-11-18 08:14:58 --> ErrorException: Undefined array key "firstname"
[Method: GET, Route: admin/approve_reject_transactions]
in APPPATH\Views\admin\approve_reject_transactions.php on line 143.
 1 APPPATH\Views\admin\approve_reject_transactions.php(143): CodeIgniter\Debug\Exceptions->errorHandler(2, 'Undefined array key "firstname"', 'C:\\laragon\\www\\library_system\\app\\Views\\admin\\approve_reject_transactions.php', 143)
 2 SYSTEMPATH\View\View.php(234): include('C:\\laragon\\www\\library_system\\app\\Views\\admin\\approve_reject_transactions.php')
 3 SYSTEMPATH\View\View.php(237): CodeIgniter\View\View->CodeIgniter\View\{closure}()
 4 SYSTEMPATH\Common.php(1171): CodeIgniter\View\View->render('admin/approve_reject_transactions', [], true)
 5 APPPATH\Controllers\AdminController.php(151): view('admin/approve_reject_transactions', [...])
 6 SYSTEMPATH\CodeIgniter.php(933): App\Controllers\AdminController->approve_reject_transactions()
 7 SYSTEMPATH\CodeIgniter.php(509): CodeIgniter\CodeIgniter->runController(Object(App\Controllers\AdminController))
 8 SYSTEMPATH\CodeIgniter.php(355): CodeIgniter\CodeIgniter->handleRequest(null, Object(Config\Cache), false)
 9 SYSTEMPATH\Boot.php(325): CodeIgniter\CodeIgniter->run()
10 SYSTEMPATH\Boot.php(67): CodeIgniter\Boot::runCodeIgniter(Object(CodeIgniter\CodeIgniter))
11 FCPATH\index.php(57): CodeIgniter\Boot::bootWeb(Object(Config\Paths))
CRITICAL - 2024-11-18 08:14:58 --> ErrorException: Undefined array key "firstname"
[Method: GET, Route: admin/approve_reject_transactions]
in APPPATH\Views\admin\approve_reject_transactions.php on line 143.
 1 APPPATH\Views\admin\approve_reject_transactions.php(143): CodeIgniter\Debug\Exceptions->errorHandler(2, 'Undefined array key "firstname"', 'C:\\laragon\\www\\library_system\\app\\Views\\admin\\approve_reject_transactions.php', 143)
 2 SYSTEMPATH\View\View.php(234): include('C:\\laragon\\www\\library_system\\app\\Views\\admin\\approve_reject_transactions.php')
 3 SYSTEMPATH\View\View.php(237): CodeIgniter\View\View->CodeIgniter\View\{closure}()
 4 SYSTEMPATH\Common.php(1171): CodeIgniter\View\View->render('admin/approve_reject_transactions', [], true)
 5 APPPATH\Controllers\AdminController.php(151): view('admin/approve_reject_transactions', [...])
 6 SYSTEMPATH\CodeIgniter.php(933): App\Controllers\AdminController->approve_reject_transactions()
 7 SYSTEMPATH\CodeIgniter.php(509): CodeIgniter\CodeIgniter->runController(Object(App\Controllers\AdminController))
 8 SYSTEMPATH\CodeIgniter.php(355): CodeIgniter\CodeIgniter->handleRequest(null, Object(Config\Cache), false)
 9 SYSTEMPATH\Boot.php(325): CodeIgniter\CodeIgniter->run()
10 SYSTEMPATH\Boot.php(67): CodeIgniter\Boot::runCodeIgniter(Object(CodeIgniter\CodeIgniter))
11 FCPATH\index.php(57): CodeIgniter\Boot::bootWeb(Object(Config\Paths))
CRITICAL - 2024-11-18 08:51:27 --> ErrorException: Undefined array key "image_url"
[Method: GET, Route: admin/dashboard]
in APPPATH\Views\admin\book_list.php on line 44.
 1 APPPATH\Views\admin\book_list.php(44): CodeIgniter\Debug\Exceptions->errorHandler(2, 'Undefined array key "image_url"', 'C:\\laragon\\www\\library_system\\app\\Views\\admin\\book_list.php', 44)
 2 SYSTEMPATH\View\View.php(234): include('C:\\laragon\\www\\library_system\\app\\Views\\admin\\book_list.php')
 3 SYSTEMPATH\View\View.php(237): CodeIgniter\View\View->CodeIgniter\View\{closure}()
 4 SYSTEMPATH\Common.php(1171): CodeIgniter\View\View->render('admin/book_list', [], true)
 5 APPPATH\Controllers\AdminController.php(31): view('admin/book_list', [...])
 6 SYSTEMPATH\CodeIgniter.php(933): App\Controllers\AdminController->dashboard()
 7 SYSTEMPATH\CodeIgniter.php(509): CodeIgniter\CodeIgniter->runController(Object(App\Controllers\AdminController))
 8 SYSTEMPATH\CodeIgniter.php(355): CodeIgniter\CodeIgniter->handleRequest(null, Object(Config\Cache), false)
 9 SYSTEMPATH\Boot.php(325): CodeIgniter\CodeIgniter->run()
10 SYSTEMPATH\Boot.php(67): CodeIgniter\Boot::runCodeIgniter(Object(CodeIgniter\CodeIgniter))
11 FCPATH\index.php(57): CodeIgniter\Boot::bootWeb(Object(Config\Paths))
ERROR - 2024-11-18 11:08:17 --> Failed to update user profile for ID: 20
ERROR - 2024-11-18 11:08:31 --> Failed to update user profile for ID: 20
ERROR - 2024-11-18 11:10:39 --> Failed to update user profile for ID: 20
ERROR - 2024-11-18 11:10:43 --> Failed to update user profile for ID: 20
ERROR - 2024-11-18 11:10:45 --> Failed to update user profile for ID: 20
ERROR - 2024-11-18 11:11:02 --> Failed to update user profile for ID: 20
ERROR - 2024-11-18 11:11:06 --> Failed to update user profile for ID: 20
ERROR - 2024-11-18 11:16:02 --> Failed to update user profile for ID: 20
ERROR - 2024-11-18 11:16:21 --> Failed to update user profile for ID: 20
ERROR - 2024-11-18 11:16:31 --> Failed to update user profile for ID: 20
ERROR - 2024-11-18 11:18:42 --> Failed to update user profile for ID: 20
ERROR - 2024-11-18 11:18:42 --> Database error: Array
(
    [code] => 0
    [message] => 
)

ERROR - 2024-11-18 11:20:51 --> Failed to update user profile for ID: 20
ERROR - 2024-11-18 11:20:51 --> Database error: Array
(
    [code] => 0
    [message] => 
)

ERROR - 2024-11-18 11:22:08 --> Failed to update user profile for ID: 20
ERROR - 2024-11-18 11:22:08 --> Database error: Array
(
    [code] => 0
    [message] => 
)

ERROR - 2024-11-18 11:23:40 --> Failed to update user profile for ID: 20
ERROR - 2024-11-18 11:23:40 --> Database error: Array
(
    [code] => 0
    [message] => 
)

ERROR - 2024-11-18 11:23:44 --> Failed to update user profile for ID: 20
ERROR - 2024-11-18 11:23:44 --> Database error: Array
(
    [code] => 0
    [message] => 
)

ERROR - 2024-11-18 11:23:46 --> Failed to update user profile for ID: 20
ERROR - 2024-11-18 11:23:46 --> Database error: Array
(
    [code] => 0
    [message] => 
)

ERROR - 2024-11-18 11:24:41 --> Failed to update user profile for ID: 20
ERROR - 2024-11-18 11:24:41 --> Database error: Array
(
    [code] => 0
    [message] => 
)

ERROR - 2024-11-18 11:26:32 --> Failed to update user profile for ID: 20
ERROR - 2024-11-18 11:26:32 --> Database error: Array
(
    [code] => 0
    [message] => 
)

ERROR - 2024-11-18 11:26:38 --> Failed to update user profile for ID: 20
ERROR - 2024-11-18 11:26:38 --> Database error: Array
(
    [code] => 0
    [message] => 
)

ERROR - 2024-11-18 11:27:14 --> Failed to update user profile for ID: 20
ERROR - 2024-11-18 11:27:14 --> Database error: Array
(
    [code] => 0
    [message] => 
)

ERROR - 2024-11-18 11:27:20 --> Failed to update user profile for ID: 20
ERROR - 2024-11-18 11:27:20 --> Database error: Array
(
    [code] => 0
    [message] => 
)

ERROR - 2024-11-18 11:28:25 --> Failed to update user profile for ID: 20
ERROR - 2024-11-18 11:28:25 --> Database error details: Array
(
    [code] => 0
    [message] => 
)

ERROR - 2024-11-18 11:33:32 --> Validation failed: Array
(
    [year] => The year field cannot exceed 4 characters in length.
)

ERROR - 2024-11-18 11:37:54 --> Failed to update user profile. DB error: Array
(
    [code] => 0
    [message] => 
)

ERROR - 2024-11-18 11:40:38 --> Failed to update user profile. DB error: Array
(
    [code] => 0
    [message] => 
)

ERROR - 2024-11-18 11:41:50 --> Failed to update user profile. DB error: Array
(
    [code] => 0
    [message] => 
)

ERROR - 2024-11-18 11:42:07 --> Failed to update user profile. DB error: Array
(
    [code] => 0
    [message] => 
)

ERROR - 2024-11-18 11:43:15 --> Failed to update user profile. DB error: Array
(
    [code] => 0
    [message] => 
)

ERROR - 2024-11-18 11:44:02 --> Failed to update user profile. DB error: Array
(
    [code] => 0
    [message] => 
)

ERROR - 2024-11-18 11:45:04 --> Update failed. User ID: 20. Data: Array
(
    [username] => student1
    [firstname] => student1
    [lastname] => student1
    [course] => bsit
    [year] => 3rd year
    [new_password] => 
    [confirm_password] => 
    [updated_at] => 2024-11-18 11:45:04
)

ERROR - 2024-11-18 11:45:10 --> Update failed. User ID: 20. Data: Array
(
    [username] => student1
    [firstname] => student1
    [lastname] => student1
    [course] => bsit
    [year] => 3rd year
    [new_password] => 123456
    [confirm_password] => 123456
    [password] => $2y$10$sFARjtqjaYmHfn.KI.wYBuPQ0ga2oEAuPxKLkG7D2wgo1BCPDgGDe
    [updated_at] => 2024-11-18 11:45:10
)

ERROR - 2024-11-18 11:56:23 --> Update failed. User ID: 20. Data: Array
(
    [username] => student1
    [firstname] => student1
    [lastname] => student1
    [course] => bsit
    [year] => 3rd year
    [new_password] => 
    [confirm_password] => 
    [updated_at] => 2024-11-18 11:56:23
)

ERROR - 2024-11-18 11:56:25 --> Update failed. User ID: 20. Data: Array
(
    [username] => student1
    [firstname] => student1
    [lastname] => student1
    [course] => bsit
    [year] => 3rd year
    [new_password] => 
    [confirm_password] => 
    [updated_at] => 2024-11-18 11:56:25
)

ERROR - 2024-11-18 11:59:48 --> Update failed. User ID: 20. Data: Array
(
    [username] => student1
    [firstname] => student1
    [lastname] => student1
    [course] => bsit
    [year] => 3rd year
    [new_password] => 
    [confirm_password] => 
    [updated_at] => 2024-11-18 11:59:48
)

ERROR - 2024-11-18 12:04:22 --> Update failed for user ID: 20
ERROR - 2024-11-18 12:07:18 --> Update Error: Update failed.
ERROR - 2024-11-18 12:07:21 --> Update Error: Update failed.
ERROR - 2024-11-18 12:08:44 --> Validation Errors: Array
(
    [username] => The username field is required.
)

ERROR - 2024-11-18 12:08:59 --> Update Error: Update failed.
ERROR - 2024-11-18 12:09:21 --> Validation Errors: Array
(
    [username] => The username field is required.
)

ERROR - 2024-11-18 12:09:27 --> Validation Errors: Array
(
    [username] => The username field is required.
)

ERROR - 2024-11-18 12:09:34 --> Update Error: Update failed.
CRITICAL - 2024-11-18 12:10:28 --> ErrorException: Undefined array key "username"
[Method: POST, Route: student/update-profile]
in APPPATH\Controllers\UserController.php on line 78.
 1 APPPATH\Controllers\UserController.php(78): CodeIgniter\Debug\Exceptions->errorHandler(2, 'Undefined array key "username"', 'C:\\laragon\\www\\library_system\\app\\Controllers\\UserController.php', 78)
 2 SYSTEMPATH\CodeIgniter.php(933): App\Controllers\UserController->updateProfile()
 3 SYSTEMPATH\CodeIgniter.php(509): CodeIgniter\CodeIgniter->runController(Object(App\Controllers\UserController))
 4 SYSTEMPATH\CodeIgniter.php(355): CodeIgniter\CodeIgniter->handleRequest(null, Object(Config\Cache), false)
 5 SYSTEMPATH\Boot.php(325): CodeIgniter\CodeIgniter->run()
 6 SYSTEMPATH\Boot.php(67): CodeIgniter\Boot::runCodeIgniter(Object(CodeIgniter\CodeIgniter))
 7 FCPATH\index.php(57): CodeIgniter\Boot::bootWeb(Object(Config\Paths))
ERROR - 2024-11-18 12:11:12 --> Update Error: Update failed.
ERROR - 2024-11-18 12:11:15 --> Update Error: Update failed.
ERROR - 2024-11-18 12:11:18 --> Update Error: Update failed.
ERROR - 2024-11-18 12:11:28 --> Update Error: Update failed.
CRITICAL - 2024-11-18 12:12:52 --> ParseError: syntax error, unexpected token "public"
[Method: GET, Route: student/view-profile]
in APPPATH\Controllers\UserController.php on line 134.
 1 SYSTEMPATH\Autoloader\Autoloader.php(296): CodeIgniter\Autoloader\Autoloader->includeFile('C:\\laragon\\www\\library_system\\app\\Controllers\\UserController.php')
 2 SYSTEMPATH\Autoloader\Autoloader.php(272): CodeIgniter\Autoloader\Autoloader->loadInNamespace('App\\Controllers\\UserController')
 3 [internal function]: CodeIgniter\Autoloader\Autoloader->loadClass('App\\Controllers\\UserController')
 4 SYSTEMPATH\CodeIgniter.php(887): class_exists('\\App\\Controllers\\UserController', true)
 5 SYSTEMPATH\CodeIgniter.php(496): CodeIgniter\CodeIgniter->startController()
 6 SYSTEMPATH\CodeIgniter.php(355): CodeIgniter\CodeIgniter->handleRequest(null, Object(Config\Cache), false)
 7 SYSTEMPATH\Boot.php(325): CodeIgniter\CodeIgniter->run()
 8 SYSTEMPATH\Boot.php(67): CodeIgniter\Boot::runCodeIgniter(Object(CodeIgniter\CodeIgniter))
 9 FCPATH\index.php(57): CodeIgniter\Boot::bootWeb(Object(Config\Paths))
ERROR - 2024-11-18 12:13:06 --> Update Error: First name can only contain letters and spaces., Last name can only contain letters and spaces.
ERROR - 2024-11-18 12:13:23 --> Update Error: First name can only contain letters and spaces., Last name can only contain letters and spaces.
ERROR - 2024-11-18 12:13:36 --> Update Error: First name can only contain letters and spaces., Last name can only contain letters and spaces.
ERROR - 2024-11-18 12:15:12 --> Update Error: Photo must be a valid URL.
ERROR - 2024-11-18 12:15:36 --> Password mismatch for user: supremopkv
ERROR - 2024-11-18 12:15:59 --> Update Error: Photo must be a valid URL.
ERROR - 2024-11-18 12:17:52 --> Update Error: Photo must be a valid URL.
ERROR - 2024-11-18 12:20:06 --> Update Error: Photo must be a valid URL.
ERROR - 2024-11-18 12:20:16 --> Update Error: Photo must be a valid URL.
ERROR - 2024-11-18 12:24:10 --> Update Error: Photo must be a valid URL.
ERROR - 2024-11-18 12:24:17 --> Validation Errors: Array
(
    [photo] => photo is too large of a file.
)

ERROR - 2024-11-18 12:24:31 --> Update Error: Photo must be a valid URL.
ERROR - 2024-11-18 12:25:02 --> Validation Errors: Array
(
    [photo] => photo is not a valid uploaded file.
)

ERROR - 2024-11-18 12:25:05 --> Validation Errors: Array
(
    [photo] => photo is not a valid uploaded file.
)

ERROR - 2024-11-18 12:25:13 --> Validation Errors: Array
(
    [photo] => photo is not a valid uploaded file.
)

ERROR - 2024-11-18 12:25:20 --> Validation Errors: Array
(
    [photo] => photo is not a valid uploaded file.
)

ERROR - 2024-11-18 12:25:45 --> Update Error: Photo must be a valid URL.
ERROR - 2024-11-18 12:26:04 --> Update Error: Photo must be a valid URL.
ERROR - 2024-11-18 12:32:07 --> Update Error: Photo must be a valid URL.
ERROR - 2024-11-18 12:35:11 --> Update Error: Username is already taken.
ERROR - 2024-11-18 12:35:13 --> Update Error: Username is already taken.
CRITICAL - 2024-11-18 13:15:25 --> ErrorException: Cannot use App\Models\TransactionModel as TransactionModel because the name is already in use
[Method: GET, Route: admin/dashboard]
in APPPATH\Controllers\AdminController.php on line 8.
 1 [internal function]: CodeIgniter\Debug\Exceptions->shutdownHandler()
CRITICAL - 2024-11-18 13:16:54 --> CodeIgniter\Filters\Exceptions\FilterException: "auth" filter must have a matching alias defined.
[Method: GET, Route: admin/view-profile]
in SYSTEMPATH\Filters\Filters.php on line 495.
 1 SYSTEMPATH\Filters\Filters.php(495): CodeIgniter\Filters\Exceptions\FilterException::forNoAlias('auth')
 2 SYSTEMPATH\Filters\Filters.php(547): CodeIgniter\Filters\Filters->enableFilter('auth', 'before')
 3 SYSTEMPATH\CodeIgniter.php(469): CodeIgniter\Filters\Filters->enableFilters([...], 'before')
 4 SYSTEMPATH\CodeIgniter.php(355): CodeIgniter\CodeIgniter->handleRequest(null, Object(Config\Cache), false)
 5 SYSTEMPATH\Boot.php(325): CodeIgniter\CodeIgniter->run()
 6 SYSTEMPATH\Boot.php(67): CodeIgniter\Boot::runCodeIgniter(Object(CodeIgniter\CodeIgniter))
 7 FCPATH\index.php(57): CodeIgniter\Boot::bootWeb(Object(Config\Paths))
CRITICAL - 2024-11-18 13:33:39 --> ParseError: syntax error, unexpected token "public", expecting end of file
[Method: GET, Route: admin/view-profile]
in APPPATH\Controllers\AdminController.php on line 109.
 1 SYSTEMPATH\Autoloader\Autoloader.php(296): CodeIgniter\Autoloader\Autoloader->includeFile('C:\\laragon\\www\\library_system\\app\\Controllers\\AdminController.php')
 2 SYSTEMPATH\Autoloader\Autoloader.php(272): CodeIgniter\Autoloader\Autoloader->loadInNamespace('App\\Controllers\\AdminController')
 3 [internal function]: CodeIgniter\Autoloader\Autoloader->loadClass('App\\Controllers\\AdminController')
 4 SYSTEMPATH\CodeIgniter.php(887): class_exists('\\App\\Controllers\\AdminController', true)
 5 SYSTEMPATH\CodeIgniter.php(496): CodeIgniter\CodeIgniter->startController()
 6 SYSTEMPATH\CodeIgniter.php(355): CodeIgniter\CodeIgniter->handleRequest(null, Object(Config\Cache), false)
 7 SYSTEMPATH\Boot.php(325): CodeIgniter\CodeIgniter->run()
 8 SYSTEMPATH\Boot.php(67): CodeIgniter\Boot::runCodeIgniter(Object(CodeIgniter\CodeIgniter))
 9 FCPATH\index.php(57): CodeIgniter\Boot::bootWeb(Object(Config\Paths))
CRITICAL - 2024-11-18 13:33:42 --> ParseError: syntax error, unexpected token "public", expecting end of file
[Method: GET, Route: admin/view-profile]
in APPPATH\Controllers\AdminController.php on line 109.
 1 SYSTEMPATH\Autoloader\Autoloader.php(296): CodeIgniter\Autoloader\Autoloader->includeFile('C:\\laragon\\www\\library_system\\app\\Controllers\\AdminController.php')
 2 SYSTEMPATH\Autoloader\Autoloader.php(272): CodeIgniter\Autoloader\Autoloader->loadInNamespace('App\\Controllers\\AdminController')
 3 [internal function]: CodeIgniter\Autoloader\Autoloader->loadClass('App\\Controllers\\AdminController')
 4 SYSTEMPATH\CodeIgniter.php(887): class_exists('\\App\\Controllers\\AdminController', true)
 5 SYSTEMPATH\CodeIgniter.php(496): CodeIgniter\CodeIgniter->startController()
 6 SYSTEMPATH\CodeIgniter.php(355): CodeIgniter\CodeIgniter->handleRequest(null, Object(Config\Cache), false)
 7 SYSTEMPATH\Boot.php(325): CodeIgniter\CodeIgniter->run()
 8 SYSTEMPATH\Boot.php(67): CodeIgniter\Boot::runCodeIgniter(Object(CodeIgniter\CodeIgniter))
 9 FCPATH\index.php(57): CodeIgniter\Boot::bootWeb(Object(Config\Paths))
CRITICAL - 2024-11-18 13:33:44 --> ParseError: syntax error, unexpected token "public", expecting end of file
[Method: GET, Route: admin/view-profile]
in APPPATH\Controllers\AdminController.php on line 109.
 1 SYSTEMPATH\Autoloader\Autoloader.php(296): CodeIgniter\Autoloader\Autoloader->includeFile('C:\\laragon\\www\\library_system\\app\\Controllers\\AdminController.php')
 2 SYSTEMPATH\Autoloader\Autoloader.php(272): CodeIgniter\Autoloader\Autoloader->loadInNamespace('App\\Controllers\\AdminController')
 3 [internal function]: CodeIgniter\Autoloader\Autoloader->loadClass('App\\Controllers\\AdminController')
 4 SYSTEMPATH\CodeIgniter.php(887): class_exists('\\App\\Controllers\\AdminController', true)
 5 SYSTEMPATH\CodeIgniter.php(496): CodeIgniter\CodeIgniter->startController()
 6 SYSTEMPATH\CodeIgniter.php(355): CodeIgniter\CodeIgniter->handleRequest(null, Object(Config\Cache), false)
 7 SYSTEMPATH\Boot.php(325): CodeIgniter\CodeIgniter->run()
 8 SYSTEMPATH\Boot.php(67): CodeIgniter\Boot::runCodeIgniter(Object(CodeIgniter\CodeIgniter))
 9 FCPATH\index.php(57): CodeIgniter\Boot::bootWeb(Object(Config\Paths))
CRITICAL - 2024-11-18 13:33:44 --> ParseError: syntax error, unexpected token "public", expecting end of file
[Method: GET, Route: admin/view-profile]
in APPPATH\Controllers\AdminController.php on line 109.
 1 SYSTEMPATH\Autoloader\Autoloader.php(296): CodeIgniter\Autoloader\Autoloader->includeFile('C:\\laragon\\www\\library_system\\app\\Controllers\\AdminController.php')
 2 SYSTEMPATH\Autoloader\Autoloader.php(272): CodeIgniter\Autoloader\Autoloader->loadInNamespace('App\\Controllers\\AdminController')
 3 [internal function]: CodeIgniter\Autoloader\Autoloader->loadClass('App\\Controllers\\AdminController')
 4 SYSTEMPATH\CodeIgniter.php(887): class_exists('\\App\\Controllers\\AdminController', true)
 5 SYSTEMPATH\CodeIgniter.php(496): CodeIgniter\CodeIgniter->startController()
 6 SYSTEMPATH\CodeIgniter.php(355): CodeIgniter\CodeIgniter->handleRequest(null, Object(Config\Cache), false)
 7 SYSTEMPATH\Boot.php(325): CodeIgniter\CodeIgniter->run()
 8 SYSTEMPATH\Boot.php(67): CodeIgniter\Boot::runCodeIgniter(Object(CodeIgniter\CodeIgniter))
 9 FCPATH\index.php(57): CodeIgniter\Boot::bootWeb(Object(Config\Paths))
CRITICAL - 2024-11-18 13:38:24 --> ParseError: syntax error, unexpected token "public"
[Method: GET, Route: admin/view-profile]
in APPPATH\Controllers\AdminController.php on line 118.
 1 SYSTEMPATH\Autoloader\Autoloader.php(296): CodeIgniter\Autoloader\Autoloader->includeFile('C:\\laragon\\www\\library_system\\app\\Controllers\\AdminController.php')
 2 SYSTEMPATH\Autoloader\Autoloader.php(272): CodeIgniter\Autoloader\Autoloader->loadInNamespace('App\\Controllers\\AdminController')
 3 [internal function]: CodeIgniter\Autoloader\Autoloader->loadClass('App\\Controllers\\AdminController')
 4 SYSTEMPATH\CodeIgniter.php(887): class_exists('\\App\\Controllers\\AdminController', true)
 5 SYSTEMPATH\CodeIgniter.php(496): CodeIgniter\CodeIgniter->startController()
 6 SYSTEMPATH\CodeIgniter.php(355): CodeIgniter\CodeIgniter->handleRequest(null, Object(Config\Cache), false)
 7 SYSTEMPATH\Boot.php(325): CodeIgniter\CodeIgniter->run()
 8 SYSTEMPATH\Boot.php(67): CodeIgniter\Boot::runCodeIgniter(Object(CodeIgniter\CodeIgniter))
 9 FCPATH\index.php(57): CodeIgniter\Boot::bootWeb(Object(Config\Paths))
CRITICAL - 2024-11-18 13:38:26 --> ParseError: syntax error, unexpected token "public"
[Method: GET, Route: admin/view-profile]
in APPPATH\Controllers\AdminController.php on line 118.
 1 SYSTEMPATH\Autoloader\Autoloader.php(296): CodeIgniter\Autoloader\Autoloader->includeFile('C:\\laragon\\www\\library_system\\app\\Controllers\\AdminController.php')
 2 SYSTEMPATH\Autoloader\Autoloader.php(272): CodeIgniter\Autoloader\Autoloader->loadInNamespace('App\\Controllers\\AdminController')
 3 [internal function]: CodeIgniter\Autoloader\Autoloader->loadClass('App\\Controllers\\AdminController')
 4 SYSTEMPATH\CodeIgniter.php(887): class_exists('\\App\\Controllers\\AdminController', true)
 5 SYSTEMPATH\CodeIgniter.php(496): CodeIgniter\CodeIgniter->startController()
 6 SYSTEMPATH\CodeIgniter.php(355): CodeIgniter\CodeIgniter->handleRequest(null, Object(Config\Cache), false)
 7 SYSTEMPATH\Boot.php(325): CodeIgniter\CodeIgniter->run()
 8 SYSTEMPATH\Boot.php(67): CodeIgniter\Boot::runCodeIgniter(Object(CodeIgniter\CodeIgniter))
 9 FCPATH\index.php(57): CodeIgniter\Boot::bootWeb(Object(Config\Paths))
CRITICAL - 2024-11-18 13:38:28 --> ParseError: syntax error, unexpected token "public"
[Method: GET, Route: admin/view-profile]
in APPPATH\Controllers\AdminController.php on line 118.
 1 SYSTEMPATH\Autoloader\Autoloader.php(296): CodeIgniter\Autoloader\Autoloader->includeFile('C:\\laragon\\www\\library_system\\app\\Controllers\\AdminController.php')
 2 SYSTEMPATH\Autoloader\Autoloader.php(272): CodeIgniter\Autoloader\Autoloader->loadInNamespace('App\\Controllers\\AdminController')
 3 [internal function]: CodeIgniter\Autoloader\Autoloader->loadClass('App\\Controllers\\AdminController')
 4 SYSTEMPATH\CodeIgniter.php(887): class_exists('\\App\\Controllers\\AdminController', true)
 5 SYSTEMPATH\CodeIgniter.php(496): CodeIgniter\CodeIgniter->startController()
 6 SYSTEMPATH\CodeIgniter.php(355): CodeIgniter\CodeIgniter->handleRequest(null, Object(Config\Cache), false)
 7 SYSTEMPATH\Boot.php(325): CodeIgniter\CodeIgniter->run()
 8 SYSTEMPATH\Boot.php(67): CodeIgniter\Boot::runCodeIgniter(Object(CodeIgniter\CodeIgniter))
 9 FCPATH\index.php(57): CodeIgniter\Boot::bootWeb(Object(Config\Paths))
ERROR - 2024-11-18 13:38:36 --> Database Update Failed: Array
(
    [username] => Username is already taken.
    [firstname] => First name can only contain letters and spaces.
    [lastname] => Last name can only contain letters and spaces.
)

ERROR - 2024-11-18 13:39:16 --> Validation Errors: Array
(
    [new_password] => The new_password field must be at least 6 characters in length.
)

ERROR - 2024-11-18 13:39:21 --> Database Update Failed: Array
(
    [username] => Username is already taken.
)

ERROR - 2024-11-18 13:39:55 --> Validation Errors: Array
(
    [new_password] => The new_password field must be at least 6 characters in length.
)

ERROR - 2024-11-18 13:41:18 --> Database Update Failed: Array
(
    [username] => Username is already taken.
)

ERROR - 2024-11-18 13:41:50 --> Database Update Failed: Array
(
    [username] => Username is already taken.
)

ERROR - 2024-11-18 13:42:11 --> Database Update Failed: Array
(
    [username] => Username is already taken.
)

ERROR - 2024-11-18 13:42:19 --> Validation Errors: Array
(
    [new_password] => The new_password field must be at least 6 characters in length.
)

ERROR - 2024-11-18 13:43:10 --> Database Update Failed: Array
(
    [username] => Username is already taken.
)

ERROR - 2024-11-18 13:44:10 --> Database Update Failed: Array
(
    [username] => Username is already taken.
)

ERROR - 2024-11-18 13:44:12 --> Database Update Failed: Array
(
    [username] => Username is already taken.
)

ERROR - 2024-11-18 13:44:21 --> Validation Errors: Array
(
    [new_password] => The new_password field must be at least 6 characters in length.
)

ERROR - 2024-11-18 13:45:06 --> Database Update Failed: Array
(
    [username] => Username is already taken.
)

ERROR - 2024-11-18 13:45:11 --> Validation Errors: Array
(
    [new_password] => The new_password field must be at least 6 characters in length.
)

ERROR - 2024-11-18 13:47:33 --> Database Update Failed: Array
(
    [username] => Username is already taken.
)

ERROR - 2024-11-18 13:47:42 --> Database Update Failed: Array
(
    [username] => Username is already taken.
)

ERROR - 2024-11-18 13:47:44 --> Database Update Failed: Array
(
    [username] => Username is already taken.
)

ERROR - 2024-11-18 13:48:59 --> Database Update Failed: Array
(
    [username] => Username is already taken.
)

ERROR - 2024-11-18 13:49:23 --> Database Update Failed: Array
(
    [username] => Username is already taken.
)

ERROR - 2024-11-18 13:49:26 --> Database Update Failed: Array
(
    [username] => Username is already taken.
)

ERROR - 2024-11-18 13:50:45 --> Database Update Failed: Array
(
    [username] => Username is already taken.
)

ERROR - 2024-11-18 13:51:24 --> Database Update Failed: Array
(
    [username] => Username is already taken.
)

ERROR - 2024-11-18 13:51:30 --> Database Update Failed: Array
(
    [username] => Username is already taken.
)

ERROR - 2024-11-18 13:51:45 --> Database Update Failed: Array
(
    [username] => Username is already taken.
)

ERROR - 2024-11-18 13:51:48 --> Database Update Failed: Array
(
    [username] => Username is already taken.
)

ERROR - 2024-11-18 13:51:58 --> Database Update Failed: Array
(
    [username] => Username is already taken.
)

ERROR - 2024-11-18 13:52:23 --> Validation Errors: Array
(
    [confirm_password] => The confirm_password field does not match the new_password field.
)

ERROR - 2024-11-18 13:52:27 --> Database Update Failed: Array
(
    [username] => Username is already taken.
)

ERROR - 2024-11-18 13:53:09 --> Database Update Failed: Array
(
    [username] => Username is already taken.
)

ERROR - 2024-11-18 13:53:16 --> Database Update Failed: Array
(
    [username] => Username is already taken.
)

ERROR - 2024-11-18 13:55:15 --> Database Update Failed: Array
(
    [username] => Username is already taken.
)

ERROR - 2024-11-18 13:56:06 --> Database Update Failed: Array
(
    [username] => Username is already taken.
)

ERROR - 2024-11-18 13:57:28 --> Database Update Failed: Array
(
    [username] => Username is already taken.
)

ERROR - 2024-11-18 13:58:49 --> Database Update Failed: Array
(
    [username] => Username is already taken.
)

ERROR - 2024-11-18 14:00:46 --> Database Update Failed: Array
(
    [username] => Username is already taken.
)

ERROR - 2024-11-18 14:01:17 --> Database Update Failed: Array
(
    [username] => Username is already taken.
)

ERROR - 2024-11-18 14:01:34 --> Database Update Failed: Array
(
    [username] => Username is already taken.
)

ERROR - 2024-11-18 14:01:57 --> Database Update Failed: Array
(
    [username] => Username is already taken.
)

ERROR - 2024-11-18 14:02:00 --> Database Update Failed: Array
(
    [username] => Username is already taken.
)

ERROR - 2024-11-18 14:02:22 --> Password mismatch for user: supremopkv
ERROR - 2024-11-18 14:03:22 --> Username not found: SDSA
ERROR - 2024-11-18 14:04:22 --> Username not found: DASD
ERROR - 2024-11-18 14:05:41 --> Username not found: dsadsa
ERROR - 2024-11-18 14:06:37 --> Username not found: dasd
ERROR - 2024-11-18 14:06:42 --> Username not found: dsadsa
ERROR - 2024-11-18 14:06:48 --> Username not found: dsadas
ERROR - 2024-11-18 14:07:15 --> Username not found: DSADA
ERROR - 2024-11-18 14:07:38 --> Username not found: DSADAS
ERROR - 2024-11-18 14:07:42 --> Username not found: SDSAD
ERROR - 2024-11-18 14:07:54 --> Username not found: DASDAS
ERROR - 2024-11-18 14:08:07 --> Username not found: DSADSA
ERROR - 2024-11-18 14:08:14 --> Username not found: DSADSA
ERROR - 2024-11-18 14:09:04 --> Username not found: dsadsa
ERROR - 2024-11-18 14:09:08 --> Username not found: sdsad
ERROR - 2024-11-18 14:11:24 --> Username not found: sadsa
CRITICAL - 2024-11-18 14:19:33 --> ErrorException: Undefined variable $validation
[Method: GET, Route: login]
in APPPATH\Views\login.php on line 27.
 1 APPPATH\Views\login.php(27): CodeIgniter\Debug\Exceptions->errorHandler(2, 'Undefined variable $validation', 'C:\\laragon\\www\\library_system\\app\\Views\\login.php', 27)
 2 SYSTEMPATH\View\View.php(234): include('C:\\laragon\\www\\library_system\\app\\Views\\login.php')
 3 SYSTEMPATH\View\View.php(237): CodeIgniter\View\View->CodeIgniter\View\{closure}()
 4 SYSTEMPATH\Common.php(1171): CodeIgniter\View\View->render('login', [], true)
 5 APPPATH\Controllers\UserController.php(23): view('login')
 6 SYSTEMPATH\CodeIgniter.php(933): App\Controllers\UserController->login()
 7 SYSTEMPATH\CodeIgniter.php(509): CodeIgniter\CodeIgniter->runController(Object(App\Controllers\UserController))
 8 SYSTEMPATH\CodeIgniter.php(355): CodeIgniter\CodeIgniter->handleRequest(null, Object(Config\Cache), false)
 9 SYSTEMPATH\Boot.php(325): CodeIgniter\CodeIgniter->run()
10 SYSTEMPATH\Boot.php(67): CodeIgniter\Boot::runCodeIgniter(Object(CodeIgniter\CodeIgniter))
11 FCPATH\index.php(57): CodeIgniter\Boot::bootWeb(Object(Config\Paths))
CRITICAL - 2024-11-18 14:19:37 --> ErrorException: Undefined variable $validation
[Method: GET, Route: login]
in APPPATH\Views\login.php on line 27.
 1 APPPATH\Views\login.php(27): CodeIgniter\Debug\Exceptions->errorHandler(2, 'Undefined variable $validation', 'C:\\laragon\\www\\library_system\\app\\Views\\login.php', 27)
 2 SYSTEMPATH\View\View.php(234): include('C:\\laragon\\www\\library_system\\app\\Views\\login.php')
 3 SYSTEMPATH\View\View.php(237): CodeIgniter\View\View->CodeIgniter\View\{closure}()
 4 SYSTEMPATH\Common.php(1171): CodeIgniter\View\View->render('login', [], true)
 5 APPPATH\Controllers\UserController.php(23): view('login')
 6 SYSTEMPATH\CodeIgniter.php(933): App\Controllers\UserController->login()
 7 SYSTEMPATH\CodeIgniter.php(509): CodeIgniter\CodeIgniter->runController(Object(App\Controllers\UserController))
 8 SYSTEMPATH\CodeIgniter.php(355): CodeIgniter\CodeIgniter->handleRequest(null, Object(Config\Cache), false)
 9 SYSTEMPATH\Boot.php(325): CodeIgniter\CodeIgniter->run()
10 SYSTEMPATH\Boot.php(67): CodeIgniter\Boot::runCodeIgniter(Object(CodeIgniter\CodeIgniter))
11 FCPATH\index.php(57): CodeIgniter\Boot::bootWeb(Object(Config\Paths))
ERROR - 2024-11-18 15:09:39 --> Username not found: sdas
ERROR - 2024-11-18 15:09:44 --> Username not found: sdfddfsf
ERROR - 2024-11-18 15:09:50 --> Username not found: dsadsa
CRITICAL - 2024-11-18 15:18:58 --> CodeIgniter\View\Exceptions\ViewException: Invalid file: "errors/unauthorized.php"
[Method: GET, Route: admin/create-book]
in SYSTEMPATH\Exceptions\FrameworkException.php on line 41.
 1 SYSTEMPATH\View\View.php(222): CodeIgniter\Exceptions\FrameworkException::forInvalidFile('errors/unauthorized.php')
 2 SYSTEMPATH\Common.php(1171): CodeIgniter\View\View->render('errors/unauthorized', [], true)
 3 APPPATH\Controllers\AdminController.php(151): view('errors/unauthorized')
 4 SYSTEMPATH\CodeIgniter.php(933): App\Controllers\AdminController->addBook()
 5 SYSTEMPATH\CodeIgniter.php(509): CodeIgniter\CodeIgniter->runController(Object(App\Controllers\AdminController))
 6 SYSTEMPATH\CodeIgniter.php(355): CodeIgniter\CodeIgniter->handleRequest(null, Object(Config\Cache), false)
 7 SYSTEMPATH\Boot.php(325): CodeIgniter\CodeIgniter->run()
 8 SYSTEMPATH\Boot.php(67): CodeIgniter\Boot::runCodeIgniter(Object(CodeIgniter\CodeIgniter))
 9 FCPATH\index.php(57): CodeIgniter\Boot::bootWeb(Object(Config\Paths))
ERROR - 2024-11-18 15:23:44 --> Username not found: mervin
CRITICAL - 2024-11-18 15:37:58 --> ParseError: syntax error, unexpected identifier "CodeIgniter"
[Method: GET, Route: user/login]
in APPPATH\Controllers\UserController.php on line 9.
 1 SYSTEMPATH\Autoloader\Autoloader.php(296): CodeIgniter\Autoloader\Autoloader->includeFile('C:\\laragon\\www\\library_system\\app\\Controllers\\UserController.php')
 2 SYSTEMPATH\Autoloader\Autoloader.php(272): CodeIgniter\Autoloader\Autoloader->loadInNamespace('App\\Controllers\\UserController')
 3 [internal function]: CodeIgniter\Autoloader\Autoloader->loadClass('App\\Controllers\\UserController')
 4 SYSTEMPATH\CodeIgniter.php(887): class_exists('\\App\\Controllers\\UserController', true)
 5 SYSTEMPATH\CodeIgniter.php(496): CodeIgniter\CodeIgniter->startController()
 6 SYSTEMPATH\CodeIgniter.php(355): CodeIgniter\CodeIgniter->handleRequest(null, Object(Config\Cache), false)
 7 SYSTEMPATH\Boot.php(325): CodeIgniter\CodeIgniter->run()
 8 SYSTEMPATH\Boot.php(67): CodeIgniter\Boot::runCodeIgniter(Object(CodeIgniter\CodeIgniter))
 9 FCPATH\index.php(57): CodeIgniter\Boot::bootWeb(Object(Config\Paths))
CRITICAL - 2024-11-18 15:52:08 --> ParseError: syntax error, unexpected token "public", expecting end of file
[Method: GET, Route: login]
in APPPATH\Controllers\UserController.php on line 169.
 1 SYSTEMPATH\Autoloader\Autoloader.php(296): CodeIgniter\Autoloader\Autoloader->includeFile('C:\\laragon\\www\\library_system\\app\\Controllers\\UserController.php')
 2 SYSTEMPATH\Autoloader\Autoloader.php(272): CodeIgniter\Autoloader\Autoloader->loadInNamespace('App\\Controllers\\UserController')
 3 [internal function]: CodeIgniter\Autoloader\Autoloader->loadClass('App\\Controllers\\UserController')
 4 SYSTEMPATH\CodeIgniter.php(887): class_exists('\\App\\Controllers\\UserController', true)
 5 SYSTEMPATH\CodeIgniter.php(496): CodeIgniter\CodeIgniter->startController()
 6 SYSTEMPATH\CodeIgniter.php(355): CodeIgniter\CodeIgniter->handleRequest(null, Object(Config\Cache), false)
 7 SYSTEMPATH\Boot.php(325): CodeIgniter\CodeIgniter->run()
 8 SYSTEMPATH\Boot.php(67): CodeIgniter\Boot::runCodeIgniter(Object(CodeIgniter\CodeIgniter))
 9 FCPATH\index.php(57): CodeIgniter\Boot::bootWeb(Object(Config\Paths))
ERROR - 2024-11-18 16:09:54 --> mysqli_sql_exception: Unknown column 'email' in 'where clause' in C:\laragon\www\library_system\system\Database\MySQLi\Connection.php:312
Stack trace:
#0 C:\laragon\www\library_system\system\Database\MySQLi\Connection.php(312): mysqli->query('SELECT *\nFROM `...', 0)
#1 C:\laragon\www\library_system\system\Database\BaseConnection.php(734): CodeIgniter\Database\MySQLi\Connection->execute('SELECT *\nFROM `...')
#2 C:\laragon\www\library_system\system\Database\BaseConnection.php(648): CodeIgniter\Database\BaseConnection->simpleQuery('SELECT *\nFROM `...')
#3 C:\laragon\www\library_system\system\Database\BaseBuilder.php(1644): CodeIgniter\Database\BaseConnection->query('SELECT *\nFROM `...', Array, false)
#4 C:\laragon\www\library_system\system\Model.php(330): CodeIgniter\Database\BaseBuilder->get()
#5 C:\laragon\www\library_system\system\BaseModel.php(714): CodeIgniter\Model->doFirst()
#6 C:\laragon\www\library_system\app\Controllers\UserController.php(52): CodeIgniter\BaseModel->first()
#7 C:\laragon\www\library_system\system\CodeIgniter.php(933): App\Controllers\UserController->sendResetLink()
#8 C:\laragon\www\library_system\system\CodeIgniter.php(509): CodeIgniter\CodeIgniter->runController(Object(App\Controllers\UserController))
#9 C:\laragon\www\library_system\system\CodeIgniter.php(355): CodeIgniter\CodeIgniter->handleRequest(NULL, Object(Config\Cache), false)
#10 C:\laragon\www\library_system\system\Boot.php(325): CodeIgniter\CodeIgniter->run()
#11 C:\laragon\www\library_system\system\Boot.php(67): CodeIgniter\Boot::runCodeIgniter(Object(CodeIgniter\CodeIgniter))
#12 C:\laragon\www\library_system\index.php(57): CodeIgniter\Boot::bootWeb(Object(Config\Paths))
#13 {main}
CRITICAL - 2024-11-18 16:09:54 --> CodeIgniter\Database\Exceptions\DatabaseException: Unknown column 'email' in 'where clause'
[Method: POST, Route: send-reset-link]
in SYSTEMPATH\Database\BaseConnection.php on line 688.
 1 SYSTEMPATH\Database\BaseBuilder.php(1644): CodeIgniter\Database\BaseConnection->query('SELECT *
FROM `users`
WHERE `email` = :email:
 LIMIT 1', [...], false)
 2 SYSTEMPATH\Model.php(330): CodeIgniter\Database\BaseBuilder->get()
 3 SYSTEMPATH\BaseModel.php(714): CodeIgniter\Model->doFirst()
 4 APPPATH\Controllers\UserController.php(52): CodeIgniter\BaseModel->first()
 5 SYSTEMPATH\CodeIgniter.php(933): App\Controllers\UserController->sendResetLink()
 6 SYSTEMPATH\CodeIgniter.php(509): CodeIgniter\CodeIgniter->runController(Object(App\Controllers\UserController))
 7 SYSTEMPATH\CodeIgniter.php(355): CodeIgniter\CodeIgniter->handleRequest(null, Object(Config\Cache), false)
 8 SYSTEMPATH\Boot.php(325): CodeIgniter\CodeIgniter->run()
 9 SYSTEMPATH\Boot.php(67): CodeIgniter\Boot::runCodeIgniter(Object(CodeIgniter\CodeIgniter))
10 FCPATH\index.php(57): CodeIgniter\Boot::bootWeb(Object(Config\Paths))
CRITICAL - 2024-11-18 16:09:54 --> [Caused by] CodeIgniter\Database\Exceptions\DatabaseException: Unknown column 'email' in 'where clause'
in SYSTEMPATH\Database\MySQLi\Connection.php on line 317.
 1 SYSTEMPATH\Database\BaseConnection.php(734): CodeIgniter\Database\MySQLi\Connection->execute('SELECT *
FROM `users`
WHERE `email` = \'chastinemylove@gmail.com\'
 LIMIT 1')
 2 SYSTEMPATH\Database\BaseConnection.php(648): CodeIgniter\Database\BaseConnection->simpleQuery('SELECT *
FROM `users`
WHERE `email` = \'chastinemylove@gmail.com\'
 LIMIT 1')
 3 SYSTEMPATH\Database\BaseBuilder.php(1644): CodeIgniter\Database\BaseConnection->query('SELECT *
FROM `users`
WHERE `email` = :email:
 LIMIT 1', [...], false)
 4 SYSTEMPATH\Model.php(330): CodeIgniter\Database\BaseBuilder->get()
 5 SYSTEMPATH\BaseModel.php(714): CodeIgniter\Model->doFirst()
 6 APPPATH\Controllers\UserController.php(52): CodeIgniter\BaseModel->first()
 7 SYSTEMPATH\CodeIgniter.php(933): App\Controllers\UserController->sendResetLink()
 8 SYSTEMPATH\CodeIgniter.php(509): CodeIgniter\CodeIgniter->runController(Object(App\Controllers\UserController))
 9 SYSTEMPATH\CodeIgniter.php(355): CodeIgniter\CodeIgniter->handleRequest(null, Object(Config\Cache), false)
10 SYSTEMPATH\Boot.php(325): CodeIgniter\CodeIgniter->run()
11 SYSTEMPATH\Boot.php(67): CodeIgniter\Boot::runCodeIgniter(Object(CodeIgniter\CodeIgniter))
12 FCPATH\index.php(57): CodeIgniter\Boot::bootWeb(Object(Config\Paths))
CRITICAL - 2024-11-18 16:09:54 --> [Caused by] mysqli_sql_exception: Unknown column 'email' in 'where clause'
in SYSTEMPATH\Database\MySQLi\Connection.php on line 312.
 1 SYSTEMPATH\Database\MySQLi\Connection.php(312): mysqli->query('SELECT *
FROM `users`
WHERE `email` = \'chastinemylove@gmail.com\'
 LIMIT 1', 0)
 2 SYSTEMPATH\Database\BaseConnection.php(734): CodeIgniter\Database\MySQLi\Connection->execute('SELECT *
FROM `users`
WHERE `email` = \'chastinemylove@gmail.com\'
 LIMIT 1')
 3 SYSTEMPATH\Database\BaseConnection.php(648): CodeIgniter\Database\BaseConnection->simpleQuery('SELECT *
FROM `users`
WHERE `email` = \'chastinemylove@gmail.com\'
 LIMIT 1')
 4 SYSTEMPATH\Database\BaseBuilder.php(1644): CodeIgniter\Database\BaseConnection->query('SELECT *
FROM `users`
WHERE `email` = :email:
 LIMIT 1', [...], false)
 5 SYSTEMPATH\Model.php(330): CodeIgniter\Database\BaseBuilder->get()
 6 SYSTEMPATH\BaseModel.php(714): CodeIgniter\Model->doFirst()
 7 APPPATH\Controllers\UserController.php(52): CodeIgniter\BaseModel->first()
 8 SYSTEMPATH\CodeIgniter.php(933): App\Controllers\UserController->sendResetLink()
 9 SYSTEMPATH\CodeIgniter.php(509): CodeIgniter\CodeIgniter->runController(Object(App\Controllers\UserController))
10 SYSTEMPATH\CodeIgniter.php(355): CodeIgniter\CodeIgniter->handleRequest(null, Object(Config\Cache), false)
11 SYSTEMPATH\Boot.php(325): CodeIgniter\CodeIgniter->run()
12 SYSTEMPATH\Boot.php(67): CodeIgniter\Boot::runCodeIgniter(Object(CodeIgniter\CodeIgniter))
13 FCPATH\index.php(57): CodeIgniter\Boot::bootWeb(Object(Config\Paths))
CRITICAL - 2024-11-18 16:12:43 --> ParseError: syntax error, unexpected single-quoted string "role", expecting "]"
[Method: GET, Route: forgot-password]
in APPPATH\Models\UserModel.php on line 16.
 1 SYSTEMPATH\Autoloader\Autoloader.php(296): CodeIgniter\Autoloader\Autoloader->includeFile('C:\\laragon\\www\\library_system\\app\\Models\\UserModel.php')
 2 SYSTEMPATH\Autoloader\Autoloader.php(272): CodeIgniter\Autoloader\Autoloader->loadInNamespace('App\\Models\\UserModel')
 3 APPPATH\Controllers\UserController.php(23): CodeIgniter\Autoloader\Autoloader->loadClass('App\\Models\\UserModel')
 4 SYSTEMPATH\CodeIgniter.php(903): App\Controllers\UserController->__construct()
 5 SYSTEMPATH\CodeIgniter.php(500): CodeIgniter\CodeIgniter->createController()
 6 SYSTEMPATH\CodeIgniter.php(355): CodeIgniter\CodeIgniter->handleRequest(null, Object(Config\Cache), false)
 7 SYSTEMPATH\Boot.php(325): CodeIgniter\CodeIgniter->run()
 8 SYSTEMPATH\Boot.php(67): CodeIgniter\Boot::runCodeIgniter(Object(CodeIgniter\CodeIgniter))
 9 FCPATH\index.php(57): CodeIgniter\Boot::bootWeb(Object(Config\Paths))
ERROR - 2024-11-18 16:34:30 --> Password mismatch for user: padilla
CRITICAL - 2024-11-18 16:41:22 --> ErrorException: Undefined variable $user
[Method: POST, Route: send-reset-link]
in APPPATH\Views\emails\password_reset.php on line 8.
 1 APPPATH\Views\emails\password_reset.php(8): CodeIgniter\Debug\Exceptions->errorHandler(2, 'Undefined variable $user', 'C:\\laragon\\www\\library_system\\app\\Views\\emails\\password_reset.php', 8)
 2 SYSTEMPATH\View\View.php(234): include('C:\\laragon\\www\\library_system\\app\\Views\\emails\\password_reset.php')
 3 SYSTEMPATH\View\View.php(237): CodeIgniter\View\View->CodeIgniter\View\{closure}()
 4 SYSTEMPATH\Common.php(1171): CodeIgniter\View\View->render('emails/password_reset', [], true)
 5 APPPATH\Controllers\UserController.php(83): view('emails/password_reset', [...])
 6 SYSTEMPATH\CodeIgniter.php(933): App\Controllers\UserController->sendResetLink()
 7 SYSTEMPATH\CodeIgniter.php(509): CodeIgniter\CodeIgniter->runController(Object(App\Controllers\UserController))
 8 SYSTEMPATH\CodeIgniter.php(355): CodeIgniter\CodeIgniter->handleRequest(null, Object(Config\Cache), false)
 9 SYSTEMPATH\Boot.php(325): CodeIgniter\CodeIgniter->run()
10 SYSTEMPATH\Boot.php(67): CodeIgniter\Boot::runCodeIgniter(Object(CodeIgniter\CodeIgniter))
11 FCPATH\index.php(57): CodeIgniter\Boot::bootWeb(Object(Config\Paths))
CRITICAL - 2024-11-18 16:43:56 --> ErrorException: Undefined variable $user
[Method: POST, Route: send-reset-link]
in APPPATH\Views\emails\password_reset.php on line 8.
 1 APPPATH\Views\emails\password_reset.php(8): CodeIgniter\Debug\Exceptions->errorHandler(2, 'Undefined variable $user', 'C:\\laragon\\www\\library_system\\app\\Views\\emails\\password_reset.php', 8)
 2 SYSTEMPATH\View\View.php(234): include('C:\\laragon\\www\\library_system\\app\\Views\\emails\\password_reset.php')
 3 SYSTEMPATH\View\View.php(237): CodeIgniter\View\View->CodeIgniter\View\{closure}()
 4 SYSTEMPATH\Common.php(1171): CodeIgniter\View\View->render('emails/password_reset', [], true)
 5 APPPATH\Controllers\UserController.php(81): view('emails/password_reset', [...])
 6 SYSTEMPATH\CodeIgniter.php(933): App\Controllers\UserController->sendResetLink()
 7 SYSTEMPATH\CodeIgniter.php(509): CodeIgniter\CodeIgniter->runController(Object(App\Controllers\UserController))
 8 SYSTEMPATH\CodeIgniter.php(355): CodeIgniter\CodeIgniter->handleRequest(null, Object(Config\Cache), false)
 9 SYSTEMPATH\Boot.php(325): CodeIgniter\CodeIgniter->run()
10 SYSTEMPATH\Boot.php(67): CodeIgniter\Boot::runCodeIgniter(Object(CodeIgniter\CodeIgniter))
11 FCPATH\index.php(57): CodeIgniter\Boot::bootWeb(Object(Config\Paths))
CRITICAL - 2024-11-18 16:45:00 --> ErrorException: Undefined variable $user
[Method: POST, Route: send-reset-link]
in APPPATH\Views\emails\password_reset.php on line 8.
 1 APPPATH\Views\emails\password_reset.php(8): CodeIgniter\Debug\Exceptions->errorHandler(2, 'Undefined variable $user', 'C:\\laragon\\www\\library_system\\app\\Views\\emails\\password_reset.php', 8)
 2 SYSTEMPATH\View\View.php(234): include('C:\\laragon\\www\\library_system\\app\\Views\\emails\\password_reset.php')
 3 SYSTEMPATH\View\View.php(237): CodeIgniter\View\View->CodeIgniter\View\{closure}()
 4 SYSTEMPATH\Common.php(1171): CodeIgniter\View\View->render('emails/password_reset', [], true)
 5 APPPATH\Controllers\UserController.php(83): view('emails/password_reset', [...])
 6 SYSTEMPATH\CodeIgniter.php(933): App\Controllers\UserController->sendResetLink()
 7 SYSTEMPATH\CodeIgniter.php(509): CodeIgniter\CodeIgniter->runController(Object(App\Controllers\UserController))
 8 SYSTEMPATH\CodeIgniter.php(355): CodeIgniter\CodeIgniter->handleRequest(null, Object(Config\Cache), false)
 9 SYSTEMPATH\Boot.php(325): CodeIgniter\CodeIgniter->run()
10 SYSTEMPATH\Boot.php(67): CodeIgniter\Boot::runCodeIgniter(Object(CodeIgniter\CodeIgniter))
11 FCPATH\index.php(57): CodeIgniter\Boot::bootWeb(Object(Config\Paths))
CRITICAL - 2024-11-18 16:45:02 --> ErrorException: Undefined variable $user
[Method: POST, Route: send-reset-link]
in APPPATH\Views\emails\password_reset.php on line 8.
 1 APPPATH\Views\emails\password_reset.php(8): CodeIgniter\Debug\Exceptions->errorHandler(2, 'Undefined variable $user', 'C:\\laragon\\www\\library_system\\app\\Views\\emails\\password_reset.php', 8)
 2 SYSTEMPATH\View\View.php(234): include('C:\\laragon\\www\\library_system\\app\\Views\\emails\\password_reset.php')
 3 SYSTEMPATH\View\View.php(237): CodeIgniter\View\View->CodeIgniter\View\{closure}()
 4 SYSTEMPATH\Common.php(1171): CodeIgniter\View\View->render('emails/password_reset', [], true)
 5 APPPATH\Controllers\UserController.php(83): view('emails/password_reset', [...])
 6 SYSTEMPATH\CodeIgniter.php(933): App\Controllers\UserController->sendResetLink()
 7 SYSTEMPATH\CodeIgniter.php(509): CodeIgniter\CodeIgniter->runController(Object(App\Controllers\UserController))
 8 SYSTEMPATH\CodeIgniter.php(355): CodeIgniter\CodeIgniter->handleRequest(null, Object(Config\Cache), false)
 9 SYSTEMPATH\Boot.php(325): CodeIgniter\CodeIgniter->run()
10 SYSTEMPATH\Boot.php(67): CodeIgniter\Boot::runCodeIgniter(Object(CodeIgniter\CodeIgniter))
11 FCPATH\index.php(57): CodeIgniter\Boot::bootWeb(Object(Config\Paths))
CRITICAL - 2024-11-18 16:45:03 --> ErrorException: Undefined variable $user
[Method: POST, Route: send-reset-link]
in APPPATH\Views\emails\password_reset.php on line 8.
 1 APPPATH\Views\emails\password_reset.php(8): CodeIgniter\Debug\Exceptions->errorHandler(2, 'Undefined variable $user', 'C:\\laragon\\www\\library_system\\app\\Views\\emails\\password_reset.php', 8)
 2 SYSTEMPATH\View\View.php(234): include('C:\\laragon\\www\\library_system\\app\\Views\\emails\\password_reset.php')
 3 SYSTEMPATH\View\View.php(237): CodeIgniter\View\View->CodeIgniter\View\{closure}()
 4 SYSTEMPATH\Common.php(1171): CodeIgniter\View\View->render('emails/password_reset', [], true)
 5 APPPATH\Controllers\UserController.php(83): view('emails/password_reset', [...])
 6 SYSTEMPATH\CodeIgniter.php(933): App\Controllers\UserController->sendResetLink()
 7 SYSTEMPATH\CodeIgniter.php(509): CodeIgniter\CodeIgniter->runController(Object(App\Controllers\UserController))
 8 SYSTEMPATH\CodeIgniter.php(355): CodeIgniter\CodeIgniter->handleRequest(null, Object(Config\Cache), false)
 9 SYSTEMPATH\Boot.php(325): CodeIgniter\CodeIgniter->run()
10 SYSTEMPATH\Boot.php(67): CodeIgniter\Boot::runCodeIgniter(Object(CodeIgniter\CodeIgniter))
11 FCPATH\index.php(57): CodeIgniter\Boot::bootWeb(Object(Config\Paths))
CRITICAL - 2024-11-18 16:45:05 --> ErrorException: Undefined variable $user
[Method: POST, Route: send-reset-link]
in APPPATH\Views\emails\password_reset.php on line 8.
 1 APPPATH\Views\emails\password_reset.php(8): CodeIgniter\Debug\Exceptions->errorHandler(2, 'Undefined variable $user', 'C:\\laragon\\www\\library_system\\app\\Views\\emails\\password_reset.php', 8)
 2 SYSTEMPATH\View\View.php(234): include('C:\\laragon\\www\\library_system\\app\\Views\\emails\\password_reset.php')
 3 SYSTEMPATH\View\View.php(237): CodeIgniter\View\View->CodeIgniter\View\{closure}()
 4 SYSTEMPATH\Common.php(1171): CodeIgniter\View\View->render('emails/password_reset', [], true)
 5 APPPATH\Controllers\UserController.php(83): view('emails/password_reset', [...])
 6 SYSTEMPATH\CodeIgniter.php(933): App\Controllers\UserController->sendResetLink()
 7 SYSTEMPATH\CodeIgniter.php(509): CodeIgniter\CodeIgniter->runController(Object(App\Controllers\UserController))
 8 SYSTEMPATH\CodeIgniter.php(355): CodeIgniter\CodeIgniter->handleRequest(null, Object(Config\Cache), false)
 9 SYSTEMPATH\Boot.php(325): CodeIgniter\CodeIgniter->run()
10 SYSTEMPATH\Boot.php(67): CodeIgniter\Boot::runCodeIgniter(Object(CodeIgniter\CodeIgniter))
11 FCPATH\index.php(57): CodeIgniter\Boot::bootWeb(Object(Config\Paths))
CRITICAL - 2024-11-18 16:55:17 --> ParseError: syntax error, unexpected token "public"
[Method: GET, Route: login]
in APPPATH\Controllers\UserController.php on line 107.
 1 SYSTEMPATH\Autoloader\Autoloader.php(296): CodeIgniter\Autoloader\Autoloader->includeFile('C:\\laragon\\www\\library_system\\app\\Controllers\\UserController.php')
 2 SYSTEMPATH\Autoloader\Autoloader.php(272): CodeIgniter\Autoloader\Autoloader->loadInNamespace('App\\Controllers\\UserController')
 3 [internal function]: CodeIgniter\Autoloader\Autoloader->loadClass('App\\Controllers\\UserController')
 4 SYSTEMPATH\CodeIgniter.php(887): class_exists('\\App\\Controllers\\UserController', true)
 5 SYSTEMPATH\CodeIgniter.php(496): CodeIgniter\CodeIgniter->startController()
 6 SYSTEMPATH\CodeIgniter.php(355): CodeIgniter\CodeIgniter->handleRequest(null, Object(Config\Cache), false)
 7 SYSTEMPATH\Boot.php(325): CodeIgniter\CodeIgniter->run()
 8 SYSTEMPATH\Boot.php(67): CodeIgniter\Boot::runCodeIgniter(Object(CodeIgniter\CodeIgniter))
 9 FCPATH\index.php(57): CodeIgniter\Boot::bootWeb(Object(Config\Paths))
ERROR - 2024-11-18 16:58:02 --> Username not found: dsad
ERROR - 2024-11-18 16:58:52 --> Username not found: dsadsa
ERROR - 2024-11-18 16:58:57 --> Username not found: fddsa
ERROR - 2024-11-18 17:04:47 --> Username not found: dsadsa
ERROR - 2024-11-18 17:08:55 --> Username not found: dsadsa
CRITICAL - 2024-11-18 17:59:03 --> CodeIgniter\View\Exceptions\ViewException: Invalid file: "about_us.php"
[Method: GET, Route: about-us]
in SYSTEMPATH\Exceptions\FrameworkException.php on line 41.
 1 SYSTEMPATH\View\View.php(222): CodeIgniter\Exceptions\FrameworkException::forInvalidFile('about_us.php')
 2 SYSTEMPATH\Common.php(1171): CodeIgniter\View\View->render('about_us', [...], true)
 3 APPPATH\Controllers\AboutController.php(11): view('about_us', [], [...])
 4 SYSTEMPATH\CodeIgniter.php(933): App\Controllers\AboutController->index()
 5 SYSTEMPATH\CodeIgniter.php(509): CodeIgniter\CodeIgniter->runController(Object(App\Controllers\AboutController))
 6 SYSTEMPATH\CodeIgniter.php(355): CodeIgniter\CodeIgniter->handleRequest(null, Object(Config\Cache), false)
 7 SYSTEMPATH\Boot.php(325): CodeIgniter\CodeIgniter->run()
 8 SYSTEMPATH\Boot.php(67): CodeIgniter\Boot::runCodeIgniter(Object(CodeIgniter\CodeIgniter))
 9 FCPATH\index.php(57): CodeIgniter\Boot::bootWeb(Object(Config\Paths))
CRITICAL - 2024-11-18 17:59:15 --> CodeIgniter\View\Exceptions\ViewException: Invalid file: "about_us.php"
[Method: GET, Route: about-us]
in SYSTEMPATH\Exceptions\FrameworkException.php on line 41.
 1 SYSTEMPATH\View\View.php(222): CodeIgniter\Exceptions\FrameworkException::forInvalidFile('about_us.php')
 2 SYSTEMPATH\Common.php(1171): CodeIgniter\View\View->render('about_us', [...], true)
 3 APPPATH\Controllers\AboutController.php(11): view('about_us', [], [...])
 4 SYSTEMPATH\CodeIgniter.php(933): App\Controllers\AboutController->index()
 5 SYSTEMPATH\CodeIgniter.php(509): CodeIgniter\CodeIgniter->runController(Object(App\Controllers\AboutController))
 6 SYSTEMPATH\CodeIgniter.php(355): CodeIgniter\CodeIgniter->handleRequest(null, Object(Config\Cache), false)
 7 SYSTEMPATH\Boot.php(325): CodeIgniter\CodeIgniter->run()
 8 SYSTEMPATH\Boot.php(67): CodeIgniter\Boot::runCodeIgniter(Object(CodeIgniter\CodeIgniter))
 9 FCPATH\index.php(57): CodeIgniter\Boot::bootWeb(Object(Config\Paths))
CRITICAL - 2024-11-18 17:59:16 --> CodeIgniter\View\Exceptions\ViewException: Invalid file: "about_us.php"
[Method: GET, Route: about-us]
in SYSTEMPATH\Exceptions\FrameworkException.php on line 41.
 1 SYSTEMPATH\View\View.php(222): CodeIgniter\Exceptions\FrameworkException::forInvalidFile('about_us.php')
 2 SYSTEMPATH\Common.php(1171): CodeIgniter\View\View->render('about_us', [...], true)
 3 APPPATH\Controllers\AboutController.php(11): view('about_us', [], [...])
 4 SYSTEMPATH\CodeIgniter.php(933): App\Controllers\AboutController->index()
 5 SYSTEMPATH\CodeIgniter.php(509): CodeIgniter\CodeIgniter->runController(Object(App\Controllers\AboutController))
 6 SYSTEMPATH\CodeIgniter.php(355): CodeIgniter\CodeIgniter->handleRequest(null, Object(Config\Cache), false)
 7 SYSTEMPATH\Boot.php(325): CodeIgniter\CodeIgniter->run()
 8 SYSTEMPATH\Boot.php(67): CodeIgniter\Boot::runCodeIgniter(Object(CodeIgniter\CodeIgniter))
 9 FCPATH\index.php(57): CodeIgniter\Boot::bootWeb(Object(Config\Paths))
CRITICAL - 2024-11-18 17:59:19 --> CodeIgniter\View\Exceptions\ViewException: Invalid file: "about_us.php"
[Method: GET, Route: about-us]
in SYSTEMPATH\Exceptions\FrameworkException.php on line 41.
 1 SYSTEMPATH\View\View.php(222): CodeIgniter\Exceptions\FrameworkException::forInvalidFile('about_us.php')
 2 SYSTEMPATH\Common.php(1171): CodeIgniter\View\View->render('about_us', [...], true)
 3 APPPATH\Controllers\AboutController.php(11): view('about_us', [], [...])
 4 SYSTEMPATH\CodeIgniter.php(933): App\Controllers\AboutController->index()
 5 SYSTEMPATH\CodeIgniter.php(509): CodeIgniter\CodeIgniter->runController(Object(App\Controllers\AboutController))
 6 SYSTEMPATH\CodeIgniter.php(355): CodeIgniter\CodeIgniter->handleRequest(null, Object(Config\Cache), false)
 7 SYSTEMPATH\Boot.php(325): CodeIgniter\CodeIgniter->run()
 8 SYSTEMPATH\Boot.php(67): CodeIgniter\Boot::runCodeIgniter(Object(CodeIgniter\CodeIgniter))
 9 FCPATH\index.php(57): CodeIgniter\Boot::bootWeb(Object(Config\Paths))
CRITICAL - 2024-11-18 18:01:13 --> CodeIgniter\View\Exceptions\ViewException: Invalid file: "assets/about_us.php"
[Method: GET, Route: about-us]
in SYSTEMPATH\Exceptions\FrameworkException.php on line 41.
 1 SYSTEMPATH\View\View.php(222): CodeIgniter\Exceptions\FrameworkException::forInvalidFile('assets/about_us.php')
 2 SYSTEMPATH\Common.php(1171): CodeIgniter\View\View->render('assets/about_us', [], true)
 3 APPPATH\Controllers\AboutController.php(11): view('assets/about_us')
 4 SYSTEMPATH\CodeIgniter.php(933): App\Controllers\AboutController->aboutUs()
 5 SYSTEMPATH\CodeIgniter.php(509): CodeIgniter\CodeIgniter->runController(Object(App\Controllers\AboutController))
 6 SYSTEMPATH\CodeIgniter.php(355): CodeIgniter\CodeIgniter->handleRequest(null, Object(Config\Cache), false)
 7 SYSTEMPATH\Boot.php(325): CodeIgniter\CodeIgniter->run()
 8 SYSTEMPATH\Boot.php(67): CodeIgniter\Boot::runCodeIgniter(Object(CodeIgniter\CodeIgniter))
 9 FCPATH\index.php(57): CodeIgniter\Boot::bootWeb(Object(Config\Paths))
